<?xml version="1.0" encoding="UTF-8"?>
<testsuite xmlns:xsi="http://www.w3.org/2001/XMLSchema-instance" xsi:noNamespaceSchemaLocation="https://maven.apache.org/surefire/maven-surefire-plugin/xsd/surefire-test-report-3.0.xsd" version="3.0" name="com.examples.junit.service.ProductServiceTest" time="0.032" tests="6" errors="0" skipped="0" failures="0">
  <properties>
[...]
</properties>
  <testcase name="shouldDeleteProductWhenPassingValidProductId" classname="com.examples.junit.service.ProductServiceTest" time="0.01">
    <system-out><![CDATA[Test data initialization at class level..
Test data initialization at each test case level..
Test data clean up at each test case level..
]]></system-out>
  </testcase>
  <testcase name="shouldShowErrorWhenNotPassingMandatoryDetails" classname="com.examples.junit.service.ProductServiceTest" time="0.002">
    <system-out><![CDATA[Test data initialization at each test case level..
Test data clean up at each test case level..
]]></system-out>
  </testcase>
  <testcase name="shouldCreateProductWhenPassingMandatoryDetails" classname="com.examples.junit.service.ProductServiceTest" time="0.001">
    <system-out><![CDATA[Test data initialization at each test case level..
Test data clean up at each test case level..
]]></system-out>
  </testcase>
  <testcase name="shouldUpdateProductForGivenProductId" classname="com.examples.junit.service.ProductServiceTest" time="0.0">
    <system-out><![CDATA[Test data initialization at each test case level..
Test data clean up at each test case level..
]]></system-out>
  </testcase>
  <testcase name="shouldReturnAllProductsWhenDontSpecifyProductId" classname="com.examples.junit.service.ProductServiceTest" time="0.0">
    <system-out><![CDATA[Test data initialization at each test case level..
Test data clean up at each test case level..
]]></system-out>
  </testcase>
  <testcase name="shouldReturnProductForGivenProductId" classname="com.examples.junit.service.ProductServiceTest" time="0.0">
    <system-out><![CDATA[Test data initialization at each test case level..
Test data clean up at each test case level..
]]></system-out>
  </testcase>
</testsuite>