<?xml version="1.0" encoding="UTF-8"?>
<testsuite xmlns:xsi="http://www.w3.org/2001/XMLSchema-instance" xsi:noNamespaceSchemaLocation="https://maven.apache.org/surefire/maven-surefire-plugin/xsd/surefire-test-report-3.0.xsd" version="3.0" name="com.examples.junit.service.RepeatedTests" time="0.018" tests="30" errors="0" skipped="4" failures="2">
  <properties>
[...]
</properties>
  <testcase name="repeatedTest" classname="com.examples.junit.service.RepeatedTests" time="0.004">
    <system-out><![CDATA[About to execute repetition 1 of 10 for repeatedTest
]]></system-out>
  </testcase>
  <testcase name="repeatedTest" classname="com.examples.junit.service.RepeatedTests" time="0.0">
    <system-out><![CDATA[About to execute repetition 2 of 10 for repeatedTest
]]></system-out>
  </testcase>
  <testcase name="repeatedTest" classname="com.examples.junit.service.RepeatedTests" time="0.0">
    <system-out><![CDATA[About to execute repetition 3 of 10 for repeatedTest
]]></system-out>
  </testcase>
  <testcase name="repeatedTest" classname="com.examples.junit.service.RepeatedTests" time="0.001">
    <system-out><![CDATA[About to execute repetition 4 of 10 for repeatedTest
]]></system-out>
  </testcase>
  <testcase name="repeatedTest" classname="com.examples.junit.service.RepeatedTests" time="0.0">
    <system-out><![CDATA[About to execute repetition 5 of 10 for repeatedTest
]]></system-out>
  </testcase>
  <testcase name="repeatedTest" classname="com.examples.junit.service.RepeatedTests" time="0.001">
    <system-out><![CDATA[About to execute repetition 6 of 10 for repeatedTest
]]></system-out>
  </testcase>
  <testcase name="repeatedTest" classname="com.examples.junit.service.RepeatedTests" time="0.0">
    <system-out><![CDATA[About to execute repetition 7 of 10 for repeatedTest
]]></system-out>
  </testcase>
  <testcase name="repeatedTest" classname="com.examples.junit.service.RepeatedTests" time="0.001">
    <system-out><![CDATA[About to execute repetition 8 of 10 for repeatedTest
]]></system-out>
  </testcase>
  <testcase name="repeatedTest" classname="com.examples.junit.service.RepeatedTests" time="0.0">
    <system-out><![CDATA[About to execute repetition 9 of 10 for repeatedTest
]]></system-out>
  </testcase>
  <testcase name="repeatedTest" classname="com.examples.junit.service.RepeatedTests" time="0.001">
    <system-out><![CDATA[About to execute repetition 10 of 10 for repeatedTest
]]></system-out>
  </testcase>
  <testcase name="repeatedTest" classname="com.examples.junit.service.RepeatedTests" time="0.001">
    <system-out><![CDATA[About to execute repetition 1 of 10 for repeatedTest
]]></system-out>
  </testcase>
  <testcase name="repeatedTest" classname="com.examples.junit.service.RepeatedTests" time="0.0">
    <system-out><![CDATA[About to execute repetition 2 of 10 for repeatedTest
]]></system-out>
  </testcase>
  <testcase name="repeatedTest" classname="com.examples.junit.service.RepeatedTests" time="0.0">
    <system-out><![CDATA[About to execute repetition 3 of 10 for repeatedTest
]]></system-out>
  </testcase>
  <testcase name="repeatedTest" classname="com.examples.junit.service.RepeatedTests" time="0.0">
    <system-out><![CDATA[About to execute repetition 4 of 10 for repeatedTest
]]></system-out>
  </testcase>
  <testcase name="repeatedTest" classname="com.examples.junit.service.RepeatedTests" time="0.001">
    <system-out><![CDATA[About to execute repetition 5 of 10 for repeatedTest
]]></system-out>
  </testcase>
  <testcase name="repeatedTest" classname="com.examples.junit.service.RepeatedTests" time="0.0">
    <system-out><![CDATA[About to execute repetition 6 of 10 for repeatedTest
]]></system-out>
  </testcase>
  <testcase name="repeatedTest" classname="com.examples.junit.service.RepeatedTests" time="0.0">
    <system-out><![CDATA[About to execute repetition 7 of 10 for repeatedTest
]]></system-out>
  </testcase>
  <testcase name="repeatedTest" classname="com.examples.junit.service.RepeatedTests" time="0.0">
    <system-out><![CDATA[About to execute repetition 8 of 10 for repeatedTest
]]></system-out>
  </testcase>
  <testcase name="repeatedTest" classname="com.examples.junit.service.RepeatedTests" time="0.001">
    <system-out><![CDATA[About to execute repetition 9 of 10 for repeatedTest
]]></system-out>
  </testcase>
  <testcase name="repeatedTest" classname="com.examples.junit.service.RepeatedTests" time="0.0">
    <system-out><![CDATA[About to execute repetition 10 of 10 for repeatedTest
]]></system-out>
  </testcase>
  <testcase name="repeatedTestInGerman" classname="com.examples.junit.service.RepeatedTests" time="0.0">
    <system-out><![CDATA[About to execute repetition 1 of 5 for repeatedTestInGerman
]]></system-out>
  </testcase>
  <testcase name="repeatedTestInGerman" classname="com.examples.junit.service.RepeatedTests" time="0.0">
    <system-out><![CDATA[About to execute repetition 2 of 5 for repeatedTestInGerman
]]></system-out>
  </testcase>
  <testcase name="repeatedTestInGerman" classname="com.examples.junit.service.RepeatedTests" time="0.0">
    <system-out><![CDATA[About to execute repetition 3 of 5 for repeatedTestInGerman
]]></system-out>
  </testcase>
  <testcase name="repeatedTestInGerman" classname="com.examples.junit.service.RepeatedTests" time="0.0">
    <system-out><![CDATA[About to execute repetition 4 of 5 for repeatedTestInGerman
]]></system-out>
  </testcase>
  <testcase name="repeatedTestInGerman" classname="com.examples.junit.service.RepeatedTests" time="0.0">
    <system-out><![CDATA[About to execute repetition 5 of 5 for repeatedTestInGerman
]]></system-out>
  </testcase>
  <testcase name="repeatedTestInGerman" classname="com.examples.junit.service.RepeatedTests" time="0.0">
    <system-out><![CDATA[About to execute repetition 1 of 5 for repeatedTestInGerman
]]></system-out>
  </testcase>
  <testcase name="repeatedTestInGerman" classname="com.examples.junit.service.RepeatedTests" time="0.0">
    <system-out><![CDATA[About to execute repetition 2 of 5 for repeatedTestInGerman
]]></system-out>
  </testcase>
  <testcase name="repeatedTestInGerman" classname="com.examples.junit.service.RepeatedTests" time="0.0">
    <system-out><![CDATA[About to execute repetition 3 of 5 for repeatedTestInGerman
]]></system-out>
  </testcase>
  <testcase name="repeatedTestInGerman" classname="com.examples.junit.service.RepeatedTests" time="0.0">
    <system-out><![CDATA[About to execute repetition 4 of 5 for repeatedTestInGerman
]]></system-out>
  </testcase>
  <testcase name="repeatedTestInGerman" classname="com.examples.junit.service.RepeatedTests" time="0.0">
    <system-out><![CDATA[About to execute repetition 5 of 5 for repeatedTestInGerman
]]></system-out>
  </testcase>
  <testcase name="repeatedTestWithRepetitionInfo(RepetitionInfo)[1]" classname="com.examples.junit.service.RepeatedTests" time="0.0">
    <system-out><![CDATA[About to execute repetition 1 of 5 for repeatedTestWithRepetitionInfo
]]></system-out>
  </testcase>
  <testcase name="repeatedTestWithRepetitionInfo(RepetitionInfo)[1]" classname="com.examples.junit.service.RepeatedTests" time="0.001">
    <system-out><![CDATA[About to execute repetition 1 of 5 for repeatedTestWithRepetitionInfo
]]></system-out>
  </testcase>
  <testcase name="repeatedTestWithRepetitionInfo(RepetitionInfo)[2]" classname="com.examples.junit.service.RepeatedTests" time="0.001">
    <system-out><![CDATA[About to execute repetition 2 of 5 for repeatedTestWithRepetitionInfo
]]></system-out>
  </testcase>
  <testcase name="repeatedTestWithRepetitionInfo(RepetitionInfo)[2]" classname="com.examples.junit.service.RepeatedTests" time="0.001">
    <system-out><![CDATA[About to execute repetition 2 of 5 for repeatedTestWithRepetitionInfo
]]></system-out>
  </testcase>
  <testcase name="repeatedTestWithRepetitionInfo(RepetitionInfo)[3]" classname="com.examples.junit.service.RepeatedTests" time="0.0">
    <system-out><![CDATA[About to execute repetition 3 of 5 for repeatedTestWithRepetitionInfo
]]></system-out>
  </testcase>
  <testcase name="repeatedTestWithRepetitionInfo(RepetitionInfo)[3]" classname="com.examples.junit.service.RepeatedTests" time="0.0">
    <system-out><![CDATA[About to execute repetition 3 of 5 for repeatedTestWithRepetitionInfo
]]></system-out>
  </testcase>
  <testcase name="repeatedTestWithRepetitionInfo(RepetitionInfo)[4]" classname="com.examples.junit.service.RepeatedTests" time="0.0">
    <system-out><![CDATA[About to execute repetition 4 of 5 for repeatedTestWithRepetitionInfo
]]></system-out>
  </testcase>
  <testcase name="repeatedTestWithRepetitionInfo(RepetitionInfo)[4]" classname="com.examples.junit.service.RepeatedTests" time="0.001">
    <system-out><![CDATA[About to execute repetition 4 of 5 for repeatedTestWithRepetitionInfo
]]></system-out>
  </testcase>
  <testcase name="repeatedTestWithRepetitionInfo(RepetitionInfo)[5]" classname="com.examples.junit.service.RepeatedTests" time="0.001">
    <system-out><![CDATA[About to execute repetition 5 of 5 for repeatedTestWithRepetitionInfo
]]></system-out>
  </testcase>
  <testcase name="repeatedTestWithRepetitionInfo(RepetitionInfo)[5]" classname="com.examples.junit.service.RepeatedTests" time="0.0">
    <system-out><![CDATA[About to execute repetition 5 of 5 for repeatedTestWithRepetitionInfo
]]></system-out>
  </testcase>
  <testcase name="customDisplayNameWithLongPattern(TestInfo)[1]" classname="com.examples.junit.service.RepeatedTests" time="0.0">
    <system-out><![CDATA[About to execute repetition 1 of 1 for customDisplayNameWithLongPattern
]]></system-out>
  </testcase>
  <testcase name="customDisplayNameWithLongPattern(TestInfo)[1]" classname="com.examples.junit.service.RepeatedTests" time="0.001">
    <system-out><![CDATA[About to execute repetition 1 of 1 for customDisplayNameWithLongPattern
]]></system-out>
  </testcase>
  <testcase name="repeatedTestWithFailureThreshold(RepetitionInfo)[1]" classname="com.examples.junit.service.RepeatedTests" time="0.001">
    <system-out><![CDATA[About to execute repetition 1 of 8 for repeatedTestWithFailureThreshold
]]></system-out>
  </testcase>
  <testcase name="repeatedTestWithFailureThreshold(RepetitionInfo)[1]" classname="com.examples.junit.service.RepeatedTests" time="0.0">
    <system-out><![CDATA[About to execute repetition 1 of 8 for repeatedTestWithFailureThreshold
]]></system-out>
  </testcase>
  <testcase name="repeatedTestWithFailureThreshold(RepetitionInfo)[2]" classname="com.examples.junit.service.RepeatedTests" time="0.002">
    <failure message="Boom!" type="org.opentest4j.AssertionFailedError"><![CDATA[org.opentest4j.AssertionFailedError: Boom!
	at org.junit.jupiter.api.AssertionUtils.fail(AssertionUtils.java:38)
	at org.junit.jupiter.api.Assertions.fail(Assertions.java:134)
	at com.examples.junit.service.RepeatedTests.repeatedTestWithFailureThreshold(RepeatedTests.java:42)
	at java.base/java.lang.reflect.Method.invoke(Method.java:568)
	at java.base/java.util.stream.ForEachOps$ForEachOp$OfRef.accept(ForEachOps.java:183)
	at java.base/java.util.stream.ReferencePipeline$3$1.accept(ReferencePipeline.java:197)
	at java.base/java.util.stream.ReferencePipeline$2$1.accept(ReferencePipeline.java:179)
	at java.base/java.util.stream.ReferencePipeline$3$1.accept(ReferencePipeline.java:197)
	at java.base/java.util.stream.ForEachOps$ForEachOp$OfRef.accept(ForEachOps.java:183)
	at java.base/java.util.stream.ReferencePipeline$3$1.accept(ReferencePipeline.java:197)
	at java.base/java.util.stream.IntPipeline$1$1.accept(IntPipeline.java:180)
	at java.base/java.util.stream.Streams$RangeIntSpliterator.forEachRemaining(Streams.java:104)
	at java.base/java.util.Spliterator$OfInt.forEachRemaining(Spliterator.java:711)
	at java.base/java.util.stream.AbstractPipeline.copyInto(AbstractPipeline.java:509)
	at java.base/java.util.stream.AbstractPipeline.wrapAndCopyInto(AbstractPipeline.java:499)
	at java.base/java.util.stream.ForEachOps$ForEachOp.evaluateSequential(ForEachOps.java:150)
	at java.base/java.util.stream.ForEachOps$ForEachOp$OfRef.evaluateSequential(ForEachOps.java:173)
	at java.base/java.util.stream.AbstractPipeline.evaluate(AbstractPipeline.java:234)
	at java.base/java.util.stream.ReferencePipeline.forEach(ReferencePipeline.java:596)
	at java.base/java.util.stream.ReferencePipeline$7$1.accept(ReferencePipeline.java:276)
	at java.base/java.util.ArrayList$ArrayListSpliterator.forEachRemaining(ArrayList.java:1625)
	at java.base/java.util.stream.AbstractPipeline.copyInto(AbstractPipeline.java:509)
	at java.base/java.util.stream.AbstractPipeline.wrapAndCopyInto(AbstractPipeline.java:499)
	at java.base/java.util.stream.ForEachOps$ForEachOp.evaluateSequential(ForEachOps.java:150)
	at java.base/java.util.stream.ForEachOps$ForEachOp$OfRef.evaluateSequential(ForEachOps.java:173)
	at java.base/java.util.stream.AbstractPipeline.evaluate(AbstractPipeline.java:234)
	at java.base/java.util.stream.ReferencePipeline.forEach(ReferencePipeline.java:596)
	at java.base/java.util.ArrayList.forEach(ArrayList.java:1511)
	at java.base/java.util.ArrayList.forEach(ArrayList.java:1511)
]]></failure>
    <system-out><![CDATA[About to execute repetition 2 of 8 for repeatedTestWithFailureThreshold
]]></system-out>
  </testcase>
  <testcase name="repeatedTestWithFailureThreshold(RepetitionInfo)[2]" classname="com.examples.junit.service.RepeatedTests" time="0.001">
    <failure message="Boom!" type="org.opentest4j.AssertionFailedError"><![CDATA[org.opentest4j.AssertionFailedError: Boom!
	at org.junit.jupiter.api.AssertionUtils.fail(AssertionUtils.java:38)
	at org.junit.jupiter.api.Assertions.fail(Assertions.java:134)
	at com.examples.junit.service.RepeatedTests.repeatedTestWithFailureThreshold(RepeatedTests.java:42)
	at java.base/java.lang.reflect.Method.invoke(Method.java:568)
	at java.base/java.util.stream.ForEachOps$ForEachOp$OfRef.accept(ForEachOps.java:183)
	at java.base/java.util.stream.ReferencePipeline$3$1.accept(ReferencePipeline.java:197)
	at java.base/java.util.stream.ReferencePipeline$2$1.accept(ReferencePipeline.java:179)
	at java.base/java.util.stream.ReferencePipeline$3$1.accept(ReferencePipeline.java:197)
	at java.base/java.util.stream.ForEachOps$ForEachOp$OfRef.accept(ForEachOps.java:183)
	at java.base/java.util.stream.ReferencePipeline$3$1.accept(ReferencePipeline.java:197)
	at java.base/java.util.stream.IntPipeline$1$1.accept(IntPipeline.java:180)
	at java.base/java.util.stream.Streams$RangeIntSpliterator.forEachRemaining(Streams.java:104)
	at java.base/java.util.Spliterator$OfInt.forEachRemaining(Spliterator.java:711)
	at java.base/java.util.stream.AbstractPipeline.copyInto(AbstractPipeline.java:509)
	at java.base/java.util.stream.AbstractPipeline.wrapAndCopyInto(AbstractPipeline.java:499)
	at java.base/java.util.stream.ForEachOps$ForEachOp.evaluateSequential(ForEachOps.java:150)
	at java.base/java.util.stream.ForEachOps$ForEachOp$OfRef.evaluateSequential(ForEachOps.java:173)
	at java.base/java.util.stream.AbstractPipeline.evaluate(AbstractPipeline.java:234)
	at java.base/java.util.stream.ReferencePipeline.forEach(ReferencePipeline.java:596)
	at java.base/java.util.stream.ReferencePipeline$7$1.accept(ReferencePipeline.java:276)
	at java.base/java.util.ArrayList$ArrayListSpliterator.forEachRemaining(ArrayList.java:1625)
	at java.base/java.util.stream.AbstractPipeline.copyInto(AbstractPipeline.java:509)
	at java.base/java.util.stream.AbstractPipeline.wrapAndCopyInto(AbstractPipeline.java:499)
	at java.base/java.util.stream.ForEachOps$ForEachOp.evaluateSequential(ForEachOps.java:150)
	at java.base/java.util.stream.ForEachOps$ForEachOp$OfRef.evaluateSequential(ForEachOps.java:173)
	at java.base/java.util.stream.AbstractPipeline.evaluate(AbstractPipeline.java:234)
	at java.base/java.util.stream.ReferencePipeline.forEach(ReferencePipeline.java:596)
	at java.base/java.util.ArrayList.forEach(ArrayList.java:1511)
	at java.base/java.util.ArrayList.forEach(ArrayList.java:1511)
]]></failure>
    <system-out><![CDATA[About to execute repetition 2 of 8 for repeatedTestWithFailureThreshold
]]></system-out>
  </testcase>
  <testcase name="repeatedTestWithFailureThreshold(RepetitionInfo)[3]" classname="com.examples.junit.service.RepeatedTests" time="0.001">
    <system-out><![CDATA[About to execute repetition 3 of 8 for repeatedTestWithFailureThreshold
]]></system-out>
  </testcase>
  <testcase name="repeatedTestWithFailureThreshold(RepetitionInfo)[3]" classname="com.examples.junit.service.RepeatedTests" time="0.0">
    <system-out><![CDATA[About to execute repetition 3 of 8 for repeatedTestWithFailureThreshold
]]></system-out>
  </testcase>
  <testcase name="repeatedTestWithFailureThreshold(RepetitionInfo)[4]" classname="com.examples.junit.service.RepeatedTests" time="0.0">
    <failure message="Boom!" type="org.opentest4j.AssertionFailedError"><![CDATA[org.opentest4j.AssertionFailedError: Boom!
	at org.junit.jupiter.api.AssertionUtils.fail(AssertionUtils.java:38)
	at org.junit.jupiter.api.Assertions.fail(Assertions.java:134)
	at com.examples.junit.service.RepeatedTests.repeatedTestWithFailureThreshold(RepeatedTests.java:42)
	at java.base/java.lang.reflect.Method.invoke(Method.java:568)
	at java.base/java.util.stream.ForEachOps$ForEachOp$OfRef.accept(ForEachOps.java:183)
	at java.base/java.util.stream.ReferencePipeline$3$1.accept(ReferencePipeline.java:197)
	at java.base/java.util.stream.ReferencePipeline$2$1.accept(ReferencePipeline.java:179)
	at java.base/java.util.stream.ReferencePipeline$3$1.accept(ReferencePipeline.java:197)
	at java.base/java.util.stream.ForEachOps$ForEachOp$OfRef.accept(ForEachOps.java:183)
	at java.base/java.util.stream.ReferencePipeline$3$1.accept(ReferencePipeline.java:197)
	at java.base/java.util.stream.IntPipeline$1$1.accept(IntPipeline.java:180)
	at java.base/java.util.stream.Streams$RangeIntSpliterator.forEachRemaining(Streams.java:104)
	at java.base/java.util.Spliterator$OfInt.forEachRemaining(Spliterator.java:711)
	at java.base/java.util.stream.AbstractPipeline.copyInto(AbstractPipeline.java:509)
	at java.base/java.util.stream.AbstractPipeline.wrapAndCopyInto(AbstractPipeline.java:499)
	at java.base/java.util.stream.ForEachOps$ForEachOp.evaluateSequential(ForEachOps.java:150)
	at java.base/java.util.stream.ForEachOps$ForEachOp$OfRef.evaluateSequential(ForEachOps.java:173)
	at java.base/java.util.stream.AbstractPipeline.evaluate(AbstractPipeline.java:234)
	at java.base/java.util.stream.ReferencePipeline.forEach(ReferencePipeline.java:596)
	at java.base/java.util.stream.ReferencePipeline$7$1.accept(ReferencePipeline.java:276)
	at java.base/java.util.ArrayList$ArrayListSpliterator.forEachRemaining(ArrayList.java:1625)
	at java.base/java.util.stream.AbstractPipeline.copyInto(AbstractPipeline.java:509)
	at java.base/java.util.stream.AbstractPipeline.wrapAndCopyInto(AbstractPipeline.java:499)
	at java.base/java.util.stream.ForEachOps$ForEachOp.evaluateSequential(ForEachOps.java:150)
	at java.base/java.util.stream.ForEachOps$ForEachOp$OfRef.evaluateSequential(ForEachOps.java:173)
	at java.base/java.util.stream.AbstractPipeline.evaluate(AbstractPipeline.java:234)
	at java.base/java.util.stream.ReferencePipeline.forEach(ReferencePipeline.java:596)
	at java.base/java.util.ArrayList.forEach(ArrayList.java:1511)
	at java.base/java.util.ArrayList.forEach(ArrayList.java:1511)
]]></failure>
    <system-out><![CDATA[About to execute repetition 4 of 8 for repeatedTestWithFailureThreshold
]]></system-out>
  </testcase>
  <testcase name="repeatedTestWithFailureThreshold(RepetitionInfo)[4]" classname="com.examples.junit.service.RepeatedTests" time="0.001">
    <failure message="Boom!" type="org.opentest4j.AssertionFailedError"><![CDATA[org.opentest4j.AssertionFailedError: Boom!
	at org.junit.jupiter.api.AssertionUtils.fail(AssertionUtils.java:38)
	at org.junit.jupiter.api.Assertions.fail(Assertions.java:134)
	at com.examples.junit.service.RepeatedTests.repeatedTestWithFailureThreshold(RepeatedTests.java:42)
	at java.base/java.lang.reflect.Method.invoke(Method.java:568)
	at java.base/java.util.stream.ForEachOps$ForEachOp$OfRef.accept(ForEachOps.java:183)
	at java.base/java.util.stream.ReferencePipeline$3$1.accept(ReferencePipeline.java:197)
	at java.base/java.util.stream.ReferencePipeline$2$1.accept(ReferencePipeline.java:179)
	at java.base/java.util.stream.ReferencePipeline$3$1.accept(ReferencePipeline.java:197)
	at java.base/java.util.stream.ForEachOps$ForEachOp$OfRef.accept(ForEachOps.java:183)
	at java.base/java.util.stream.ReferencePipeline$3$1.accept(ReferencePipeline.java:197)
	at java.base/java.util.stream.IntPipeline$1$1.accept(IntPipeline.java:180)
	at java.base/java.util.stream.Streams$RangeIntSpliterator.forEachRemaining(Streams.java:104)
	at java.base/java.util.Spliterator$OfInt.forEachRemaining(Spliterator.java:711)
	at java.base/java.util.stream.AbstractPipeline.copyInto(AbstractPipeline.java:509)
	at java.base/java.util.stream.AbstractPipeline.wrapAndCopyInto(AbstractPipeline.java:499)
	at java.base/java.util.stream.ForEachOps$ForEachOp.evaluateSequential(ForEachOps.java:150)
	at java.base/java.util.stream.ForEachOps$ForEachOp$OfRef.evaluateSequential(ForEachOps.java:173)
	at java.base/java.util.stream.AbstractPipeline.evaluate(AbstractPipeline.java:234)
	at java.base/java.util.stream.ReferencePipeline.forEach(ReferencePipeline.java:596)
	at java.base/java.util.stream.ReferencePipeline$7$1.accept(ReferencePipeline.java:276)
	at java.base/java.util.ArrayList$ArrayListSpliterator.forEachRemaining(ArrayList.java:1625)
	at java.base/java.util.stream.AbstractPipeline.copyInto(AbstractPipeline.java:509)
	at java.base/java.util.stream.AbstractPipeline.wrapAndCopyInto(AbstractPipeline.java:499)
	at java.base/java.util.stream.ForEachOps$ForEachOp.evaluateSequential(ForEachOps.java:150)
	at java.base/java.util.stream.ForEachOps$ForEachOp$OfRef.evaluateSequential(ForEachOps.java:173)
	at java.base/java.util.stream.AbstractPipeline.evaluate(AbstractPipeline.java:234)
	at java.base/java.util.stream.ReferencePipeline.forEach(ReferencePipeline.java:596)
	at java.base/java.util.ArrayList.forEach(ArrayList.java:1511)
	at java.base/java.util.ArrayList.forEach(ArrayList.java:1511)
]]></failure>
    <system-out><![CDATA[About to execute repetition 4 of 8 for repeatedTestWithFailureThreshold
]]></system-out>
  </testcase>
  <testcase name="repeatedTestWithFailureThreshold(RepetitionInfo)[5]" classname="com.examples.junit.service.RepeatedTests" time="0.0">
    <skipped message="Failure threshold [2] exceeded"/>
  </testcase>
  <testcase name="repeatedTestWithFailureThreshold(RepetitionInfo)[5]" classname="com.examples.junit.service.RepeatedTests" time="0.0">
    <skipped message="Failure threshold [2] exceeded"/>
  </testcase>
  <testcase name="repeatedTestWithFailureThreshold(RepetitionInfo)[6]" classname="com.examples.junit.service.RepeatedTests" time="0.0">
    <skipped message="Failure threshold [2] exceeded"/>
  </testcase>
  <testcase name="repeatedTestWithFailureThreshold(RepetitionInfo)[6]" classname="com.examples.junit.service.RepeatedTests" time="0.0">
    <skipped message="Failure threshold [2] exceeded"/>
  </testcase>
  <testcase name="repeatedTestWithFailureThreshold(RepetitionInfo)[7]" classname="com.examples.junit.service.RepeatedTests" time="0.0">
    <skipped message="Failure threshold [2] exceeded"/>
  </testcase>
  <testcase name="repeatedTestWithFailureThreshold(RepetitionInfo)[7]" classname="com.examples.junit.service.RepeatedTests" time="0.0">
    <skipped message="Failure threshold [2] exceeded"/>
  </testcase>
  <testcase name="repeatedTestWithFailureThreshold(RepetitionInfo)[8]" classname="com.examples.junit.service.RepeatedTests" time="0.0">
    <skipped message="Failure threshold [2] exceeded"/>
  </testcase>
  <testcase name="repeatedTestWithFailureThreshold(RepetitionInfo)[8]" classname="com.examples.junit.service.RepeatedTests" time="0.0">
    <skipped message="Failure threshold [2] exceeded"/>
  </testcase>
  <testcase name="customDisplayName(TestInfo)[1]" classname="com.examples.junit.service.RepeatedTests" time="0.0">
    <system-out><![CDATA[About to execute repetition 1 of 1 for customDisplayName
]]></system-out>
  </testcase>
  <testcase name="customDisplayName(TestInfo)[1]" classname="com.examples.junit.service.RepeatedTests" time="0.001">
    <system-out><![CDATA[About to execute repetition 1 of 1 for customDisplayName
]]></system-out>
  </testcase>
</testsuite>